2024-02-24 20:39:33 -0800: INFO -- Received update: {"message_id":1265,"from":{"id":1342362340,"is_bot":false,"first_name":"haanbaal","username":"hannbaal","language_code":"en","is_premium":true},"chat":{"id":1342362340,"first_name":"haanbaal","username":"hannbaal","type":"private"},"date":1708835973,"text":"/start","entities":[{"offset":0,"length":6,"type":"bot_command"}]}
2024-02-24 20:39:33 -0800: INFO -- Responding to message from user 1342362340: '/start'
2024-02-24 20:39:33 -0800: INFO -- Sending start message to user 1342362340
2024-02-24 20:40:07 -0800: INFO -- Received update: {"message_id":1267,"from":{"id":1342362340,"is_bot":false,"first_name":"haanbaal","username":"hannbaal","language_code":"en","is_premium":true},"chat":{"id":1342362340,"first_name":"haanbaal","username":"hannbaal","type":"private"},"date":1708836006,"text":"/help","entities":[{"offset":0,"length":5,"type":"bot_command"}]}
2024-02-24 20:40:07 -0800: INFO -- Responding to message from user 1342362340: '/help'
2024-02-24 20:40:07 -0800: INFO -- Sending helpful message to user 1342362340
2024-02-24 20:40:59 -0800: INFO -- Received update: {"message_id":1269,"from":{"id":1342362340,"is_bot":false,"first_name":"haanbaal","username":"hannbaal","language_code":"en","is_premium":true},"chat":{"id":1342362340,"first_name":"haanbaal","username":"hannbaal","type":"private"},"date":1708836057,"text":"/invoice","entities":[{"offset":0,"length":8,"type":"bot_command"}]}
2024-02-24 20:40:59 -0800: INFO -- Responding to message from user 1342362340: '/invoice'
2024-02-24 20:40:59 -0800: INFO -- Displaying invoice options for user 1342362340
2024-02-24 20:41:07 -0800: INFO -- Received update: {"id":"5765402352807106555","from":{"id":1342362340,"is_bot":false,"first_name":"haanbaal","username":"hannbaal","language_code":"en","is_premium":true},"message":{"message_id":1270,"from":{"id":6520699041,"is_bot":true,"first_name":"Samael AIP ðŸ¤–","username":"chatID_retreiver_bot"},"chat":{"id":1342362340,"first_name":"haanbaal","username":"hannbaal","type":"private"},"date":1708836060,"text":"ðŸ›’ á‹¨áŒˆá‰ á‹« á‰¦á‰³á‹ŽáŠ• á‹­áˆáˆ¨áŒ¡ Select store location ðŸª","reply_markup":{"inline_keyboard":[[{"text":"ðŸŒáŠ áˆˆáˆáŠ á‰€á | Worldwide","callback_data":"worldwide"},{"text":"ðŸ‡ªðŸ‡¹áŠ¢á‰µá‹®áŒ²á‹« | Ethiopia","callback_data":"ethiopia"}]]}},"chat_instance":"5814854764055712117","data":"ethiopia"}
2024-02-24 20:41:07 -0800: INFO -- Handling callback query from user 1342362340 - hannbaal: 'ethiopia'
2024-02-24 20:41:07 -0800: INFO -- Handling Ethiopia callback query from user 1342362340
2024-02-24 20:41:07 -0800: INFO -- Generated transaction reference: chewatatest-4074
2024-02-24 20:41:07 -0800: INFO -- Initiating Chapa transaction for user 1342362340 with payload: {:amount=>"1000", :currency=>"ETB", :email=>"ali@gmail.com", :first_name=>"haanbaal", :last_name=>nil, :phone_number=>"09837477458", :tx_ref=>"chewatatest-4074", :callback_url=>"https://3b16-144-48-38-22.ngrok-free.app/chapa_payment_verification?tx_ref=chewatatest-4074&&chat_id=1342362340", :return_url=>"https://t.me/chatID_retreiver_bot"}
2024-02-24 20:41:07 -0800: INFO -- Initiating Chapa transaction with payload: {:amount=>"1000", :currency=>"ETB", :email=>"ali@gmail.com", :first_name=>"haanbaal", :last_name=>nil, :phone_number=>"09837477458", :tx_ref=>"chewatatest-4074", :callback_url=>"https://3b16-144-48-38-22.ngrok-free.app/chapa_payment_verification?tx_ref=chewatatest-4074&&chat_id=1342362340", :return_url=>"https://t.me/chatID_retreiver_bot"}
2024-02-24 20:41:09 -0800: INFO -- Chapa transaction response: {"message"=>"Hosted Link", "status"=>"success", "data"=>{"checkout_url"=>"https://checkout.chapa.co/checkout/payment/EIKYmcKCg7NFBwCOm1ez9gdtcbuEQe0XijFzu1fvRr9ut"}}
2024-02-24 20:41:09 -0800: INFO -- Displaying Ethiopia payment options for chat 1342362340
2024-02-24 20:41:13 -0800: INFO -- Chapa transaction initiated successfully for user 1342362340
2024-02-24 20:46:37 -0800: INFO -- Received update: {"message_id":1273,"from":{"id":1342362340,"is_bot":false,"first_name":"haanbaal","username":"hannbaal","language_code":"en","is_premium":true},"chat":{"id":1342362340,"first_name":"haanbaal","username":"hannbaal","type":"private"},"date":1708836396,"text":"/invoice","entities":[{"offset":0,"length":8,"type":"bot_command"}]}
2024-02-24 20:46:37 -0800: INFO -- Responding to message from user 1342362340: '/invoice'
2024-02-24 20:46:37 -0800: INFO -- Displaying invoice options for user 1342362340
2024-02-24 20:46:41 -0800: INFO -- Received update: {"id":"5765402352970573945","from":{"id":1342362340,"is_bot":false,"first_name":"haanbaal","username":"hannbaal","language_code":"en","is_premium":true},"message":{"message_id":1274,"from":{"id":6520699041,"is_bot":true,"first_name":"Samael AIP ðŸ¤–","username":"chatID_retreiver_bot"},"chat":{"id":1342362340,"first_name":"haanbaal","username":"hannbaal","type":"private"},"date":1708836399,"text":"ðŸ›’ á‹¨áŒˆá‰ á‹« á‰¦á‰³á‹ŽáŠ• á‹­áˆáˆ¨áŒ¡ Select store location ðŸª","reply_markup":{"inline_keyboard":[[{"text":"ðŸŒáŠ áˆˆáˆáŠ á‰€á | Worldwide","callback_data":"worldwide"},{"text":"ðŸ‡ªðŸ‡¹áŠ¢á‰µá‹®áŒ²á‹« | Ethiopia","callback_data":"ethiopia"}]]}},"chat_instance":"5814854764055712117","data":"ethiopia"}
2024-02-24 20:46:41 -0800: INFO -- Handling callback query from user 1342362340 - hannbaal: 'ethiopia'
2024-02-24 20:46:41 -0800: INFO -- Handling Ethiopia callback query from user 1342362340
2024-02-24 20:46:41 -0800: INFO -- Generated transaction reference: chewatatest-5568
2024-02-24 20:46:41 -0800: INFO -- Initiating Chapa transaction for user 1342362340 with payload: {:amount=>"1000", :currency=>"ETB", :email=>"ali@gmail.com", :first_name=>"haanbaal", :last_name=>nil, :phone_number=>"09837477458", :tx_ref=>"chewatatest-5568", :callback_url=>"https://3b16-144-48-38-22.ngrok-free.app/chapa_payment_verification?tx_ref=chewatatest-5568&&chat_id=1342362340", :return_url=>"https://t.me/chatID_retreiver_bot"}
2024-02-24 20:46:41 -0800: INFO -- Initiating Chapa transaction with payload: {:amount=>"1000", :currency=>"ETB", :email=>"ali@gmail.com", :first_name=>"haanbaal", :last_name=>nil, :phone_number=>"09837477458", :tx_ref=>"chewatatest-5568", :callback_url=>"https://3b16-144-48-38-22.ngrok-free.app/chapa_payment_verification?tx_ref=chewatatest-5568&&chat_id=1342362340", :return_url=>"https://t.me/chatID_retreiver_bot"}
2024-02-24 20:46:43 -0800: INFO -- Chapa transaction response: {"message"=>"Hosted Link", "status"=>"success", "data"=>{"checkout_url"=>"https://checkout.chapa.co/checkout/payment/4lREOmW4uPey87lyqihiFGyJDuiycQYFyc0rTViI5bzDE"}}
2024-02-24 20:46:43 -0800: INFO -- Displaying Ethiopia payment options for chat 1342362340
2024-02-24 20:46:46 -0800: INFO -- Chapa transaction initiated successfully for user 1342362340
2024-02-24 20:48:19 -0800: INFO -- Received update: {"message_id":1276,"from":{"id":1342362340,"is_bot":false,"first_name":"haanbaal","username":"hannbaal","language_code":"en","is_premium":true},"chat":{"id":1342362340,"first_name":"haanbaal","username":"hannbaal","type":"private"},"date":1708836499,"text":"/invoice","entities":[{"offset":0,"length":8,"type":"bot_command"}]}
2024-02-24 20:48:19 -0800: INFO -- Responding to message from user 1342362340: '/invoice'
2024-02-24 20:48:19 -0800: INFO -- Displaying invoice options for user 1342362340
2024-02-24 20:48:25 -0800: INFO -- Received update: {"id":"5765402350193572236","from":{"id":1342362340,"is_bot":false,"first_name":"haanbaal","username":"hannbaal","language_code":"en","is_premium":true},"message":{"message_id":1277,"from":{"id":6520699041,"is_bot":true,"first_name":"Samael AIP ðŸ¤–","username":"chatID_retreiver_bot"},"chat":{"id":1342362340,"first_name":"haanbaal","username":"hannbaal","type":"private"},"date":1708836502,"text":"ðŸ›’ á‹¨áŒˆá‰ á‹« á‰¦á‰³á‹ŽáŠ• á‹­áˆáˆ¨áŒ¡ Select store location ðŸª","reply_markup":{"inline_keyboard":[[{"text":"ðŸŒáŠ áˆˆáˆáŠ á‰€á | Worldwide","callback_data":"worldwide"},{"text":"ðŸ‡ªðŸ‡¹áŠ¢á‰µá‹®áŒ²á‹« | Ethiopia","callback_data":"ethiopia"}]]}},"chat_instance":"5814854764055712117","data":"ethiopia"}
2024-02-24 20:48:25 -0800: INFO -- Handling callback query from user 1342362340 - hannbaal: 'ethiopia'
2024-02-24 20:48:25 -0800: INFO -- Handling Ethiopia callback query from user 1342362340
2024-02-24 20:48:25 -0800: INFO -- Generated transaction reference: chewatatest-3804
2024-02-24 20:48:25 -0800: INFO -- Initiating Chapa transaction for user 1342362340 with payload: {:amount=>"1000", :currency=>"ETB", :email=>"ali@gmail.com", :first_name=>"haanbaal", :last_name=>nil, :phone_number=>"09837477458", :tx_ref=>"chewatatest-3804", :callback_url=>"https://3b16-144-48-38-22.ngrok-free.app/chapa_payment_verification?tx_ref=chewatatest-3804&&chat_id=1342362340", :return_url=>"https://t.me/chatID_retreiver_bot"}
2024-02-24 20:48:25 -0800: INFO -- Initiating Chapa transaction with payload: {:amount=>"1000", :currency=>"ETB", :email=>"ali@gmail.com", :first_name=>"haanbaal", :last_name=>nil, :phone_number=>"09837477458", :tx_ref=>"chewatatest-3804", :callback_url=>"https://3b16-144-48-38-22.ngrok-free.app/chapa_payment_verification?tx_ref=chewatatest-3804&&chat_id=1342362340", :return_url=>"https://t.me/chatID_retreiver_bot"}
2024-02-24 20:48:26 -0800: INFO -- Chapa transaction response: {"message"=>"Hosted Link", "status"=>"success", "data"=>{"checkout_url"=>"https://checkout.chapa.co/checkout/payment/AXV2iGibvAq86CpDiwUWLm6HHWInTGe6fVTerXFcrc1DO"}}
2024-02-24 20:48:26 -0800: INFO -- Displaying Ethiopia payment options for chat 1342362340
2024-02-24 20:48:33 -0800: INFO -- Chapa transaction initiated successfully for user 1342362340
2024-02-24 20:54:16 -0800: INFO -- Received Chapa payment verification request: {"tx_ref"=>"chewatatest-1083", "chat_id"=>"1342362340"}
2024-02-24 20:54:16 -0800: INFO -- Verifying Chapa transaction with tx_ref: chewatatest-1083
2024-02-24 20:54:18 -0800: INFO -- Successfully verified transaction with Chapa: {"message"=>"Payment details fetched successfully", "status"=>"success", "data"=>{"first_name"=>"haanbaal", "last_name"=>nil, "email"=>"ali@gmail.com", "currency"=>"ETB", "amount"=>1000, "charge"=>35, "mode"=>"test", "method"=>"test", "type"=>"API", "status"=>"success", "reference"=>"APZFrkt3P0Zbh", "tx_ref"=>"chewatatest-1083", "customization"=>{"title"=>nil, "description"=>nil, "logo"=>nil}, "meta"=>nil, "created_at"=>"2024-02-25T04:53:56.000000Z", "updated_at"=>"2024-02-25T04:53:56.000000Z"}}
2024-02-24 20:54:20 -0800: INFO -- Payment verification successful for tx_ref chewatatest-1083
2024-02-24 20:53:47 -0800: INFO -- Received update: {"message_id":1279,"from":{"id":1342362340,"is_bot":false,"first_name":"haanbaal","username":"hannbaal","language_code":"en","is_premium":true},"chat":{"id":1342362340,"first_name":"haanbaal","username":"hannbaal","type":"private"},"date":1708836827,"text":"/invoice","entities":[{"offset":0,"length":8,"type":"bot_command"}]}
2024-02-24 20:53:47 -0800: INFO -- Responding to message from user 1342362340: '/invoice'
2024-02-24 20:53:47 -0800: INFO -- Displaying invoice options for user 1342362340
2024-02-24 20:53:55 -0800: INFO -- Received update: {"id":"5765402349863004619","from":{"id":1342362340,"is_bot":false,"first_name":"haanbaal","username":"hannbaal","language_code":"en","is_premium":true},"message":{"message_id":1280,"from":{"id":6520699041,"is_bot":true,"first_name":"Samael AIP ðŸ¤–","username":"chatID_retreiver_bot"},"chat":{"id":1342362340,"first_name":"haanbaal","username":"hannbaal","type":"private"},"date":1708836831,"text":"ðŸ›’ á‹¨áŒˆá‰ á‹« á‰¦á‰³á‹ŽáŠ• á‹­áˆáˆ¨áŒ¡ Select store location ðŸª","reply_markup":{"inline_keyboard":[[{"text":"ðŸŒáŠ áˆˆáˆáŠ á‰€á | Worldwide","callback_data":"worldwide"},{"text":"ðŸ‡ªðŸ‡¹áŠ¢á‰µá‹®áŒ²á‹« | Ethiopia","callback_data":"ethiopia"}]]}},"chat_instance":"5814854764055712117","data":"ethiopia"}
2024-02-24 20:53:55 -0800: INFO -- Handling callback query from user 1342362340 - hannbaal: 'ethiopia'
2024-02-24 20:53:55 -0800: INFO -- Handling Ethiopia callback query from user 1342362340
2024-02-24 20:53:55 -0800: INFO -- Generated transaction reference: chewatatest-1083
2024-02-24 20:53:55 -0800: INFO -- Initiating Chapa transaction for user 1342362340 with payload: {:amount=>"1000", :currency=>"ETB", :email=>"ali@gmail.com", :first_name=>"haanbaal", :last_name=>nil, :phone_number=>"09837477458", :tx_ref=>"chewatatest-1083", :callback_url=>"https://d5e3-144-48-38-22.ngrok-free.app/chapa_payment_verification?tx_ref=chewatatest-1083&&chat_id=1342362340", :return_url=>"https://t.me/chatID_retreiver_bot"}
2024-02-24 20:53:55 -0800: INFO -- Initiating Chapa transaction with payload: {:amount=>"1000", :currency=>"ETB", :email=>"ali@gmail.com", :first_name=>"haanbaal", :last_name=>nil, :phone_number=>"09837477458", :tx_ref=>"chewatatest-1083", :callback_url=>"https://d5e3-144-48-38-22.ngrok-free.app/chapa_payment_verification?tx_ref=chewatatest-1083&&chat_id=1342362340", :return_url=>"https://t.me/chatID_retreiver_bot"}
2024-02-24 20:53:57 -0800: INFO -- Chapa transaction response: {"message"=>"Hosted Link", "status"=>"success", "data"=>{"checkout_url"=>"https://checkout.chapa.co/checkout/payment/j0DjlJ87pp2EmbFgTrvXluCOxkpkCnY7kT1i3ExdOunaO"}}
2024-02-24 20:53:57 -0800: INFO -- Displaying Ethiopia payment options for chat 1342362340
2024-02-24 20:54:01 -0800: INFO -- Chapa transaction initiated successfully for user 1342362340
2024-02-24 20:55:52 -0800: INFO -- Received update: {"message_id":1283,"from":{"id":1342362340,"is_bot":false,"first_name":"haanbaal","username":"hannbaal","language_code":"en","is_premium":true},"chat":{"id":1342362340,"first_name":"haanbaal","username":"hannbaal","type":"private"},"date":1708836952,"text":"/invoice","entities":[{"offset":0,"length":8,"type":"bot_command"}]}
2024-02-24 20:55:52 -0800: INFO -- Responding to message from user 1342362340: '/invoice'
2024-02-24 20:55:52 -0800: INFO -- Displaying invoice options for user 1342362340
2024-02-24 20:55:59 -0800: INFO -- Received update: {"id":"5765402350445756834","from":{"id":1342362340,"is_bot":false,"first_name":"haanbaal","username":"hannbaal","language_code":"en","is_premium":true},"message":{"message_id":1284,"from":{"id":6520699041,"is_bot":true,"first_name":"Samael AIP ðŸ¤–","username":"chatID_retreiver_bot"},"chat":{"id":1342362340,"first_name":"haanbaal","username":"hannbaal","type":"private"},"date":1708836956,"text":"ðŸ›’ á‹¨áŒˆá‰ á‹« á‰¦á‰³á‹ŽáŠ• á‹­áˆáˆ¨áŒ¡ Select store location ðŸª","reply_markup":{"inline_keyboard":[[{"text":"ðŸŒáŠ áˆˆáˆáŠ á‰€á | Worldwide","callback_data":"worldwide"},{"text":"ðŸ‡ªðŸ‡¹áŠ¢á‰µá‹®áŒ²á‹« | Ethiopia","callback_data":"ethiopia"}]]}},"chat_instance":"5814854764055712117","data":"ethiopia"}
2024-02-24 20:55:59 -0800: INFO -- Handling callback query from user 1342362340 - hannbaal: 'ethiopia'
2024-02-24 20:55:59 -0800: INFO -- Handling Ethiopia callback query from user 1342362340
2024-02-24 20:55:59 -0800: INFO -- Generated transaction reference: chewatatest-5931
2024-02-24 20:55:59 -0800: INFO -- Initiating Chapa transaction for user 1342362340 with payload: {:amount=>"1000", :currency=>"ETB", :email=>"ali@gmail.com", :first_name=>"haanbaal", :last_name=>nil, :phone_number=>"09837477458", :tx_ref=>"chewatatest-5931", :callback_url=>"https://9cc2-144-48-38-22.ngrok-free.app/chapa_payment_verification?tx_ref=chewatatest-5931&&chat_id=1342362340", :return_url=>"https://t.me/chatID_retreiver_bot"}
2024-02-24 20:55:59 -0800: INFO -- Initiating Chapa transaction with payload: {:amount=>"1000", :currency=>"ETB", :email=>"ali@gmail.com", :first_name=>"haanbaal", :last_name=>nil, :phone_number=>"09837477458", :tx_ref=>"chewatatest-5931", :callback_url=>"https://9cc2-144-48-38-22.ngrok-free.app/chapa_payment_verification?tx_ref=chewatatest-5931&&chat_id=1342362340", :return_url=>"https://t.me/chatID_retreiver_bot"}
2024-02-24 20:56:01 -0800: INFO -- Chapa transaction response: {"message"=>"Hosted Link", "status"=>"success", "data"=>{"checkout_url"=>"https://checkout.chapa.co/checkout/payment/LhhmjxG07poyzp2TWgTsBkMx0iZDuZSLFVPRqhLHTVZZm"}}
2024-02-24 20:56:01 -0800: INFO -- Displaying Ethiopia payment options for chat 1342362340
2024-02-24 20:56:04 -0800: INFO -- Chapa transaction initiated successfully for user 1342362340
2024-02-24 20:56:18 -0800: INFO -- Received Chapa payment verification request: {"tx_ref"=>"chewatatest-5931", "chat_id"=>"1342362340"}
2024-02-24 20:56:18 -0800: INFO -- Verifying Chapa transaction with tx_ref: chewatatest-5931
2024-02-24 20:56:20 -0800: INFO -- Successfully verified transaction with Chapa: {"message"=>"Payment details fetched successfully", "status"=>"success", "data"=>{"first_name"=>"haanbaal", "last_name"=>nil, "email"=>"ali@gmail.com", "currency"=>"ETB", "amount"=>1000, "charge"=>35, "mode"=>"test", "method"=>"test", "type"=>"API", "status"=>"success", "reference"=>"APTOcVnmirIKY", "tx_ref"=>"chewatatest-5931", "customization"=>{"title"=>nil, "description"=>nil, "logo"=>nil}, "meta"=>nil, "created_at"=>"2024-02-25T04:56:00.000000Z", "updated_at"=>"2024-02-25T04:56:00.000000Z"}}
2024-02-24 20:56:23 -0800: INFO -- Payment verification successful for tx_ref chewatatest-5931
